<?xml version="1.0" encoding="UTF-8"?>
<!-- Generated by org.testng.reporters.JUnitReportReporter -->
<testsuite hostname="AdilRizwan" name="DriverFactory.TestScript" tests="2" failures="0" timestamp="24 Feb 2020 12:45:15 GMT" time="80.819" errors="0">
  <testcase name="verifyAddEmp" time="37.412" classname="DriverFactory.TestScript"/>
  <testcase name="verifyuser" time="43.407" classname="DriverFactory.TestScript"/>
</testsuite> <!-- DriverFactory.TestScript -->
