<?xml version="1.0" encoding="UTF-8"?>
<!-- Generated by org.testng.reporters.JUnitReportReporter -->
<testsuite skipped="1" hostname="AdilRizwan" name="DriverFactory.KeywordScript" tests="1" failures="0" timestamp="01 Mar 2020 13:38:49 GMT" time="0.000" errors="0">
  <testcase name="startest" time="0.000" classname="DriverFactory.KeywordScript">
    <skipped/>
  </testcase> <!-- startest -->
</testsuite> <!-- DriverFactory.KeywordScript -->
