<?xml version="1.0" encoding="UTF-8"?>
<!-- Generated by org.testng.reporters.JUnitReportReporter -->
<testsuite skipped="0" hostname="AdilRizwan" name="feb_28.Using_excel" tests="3" failures="0" timestamp="29 Feb 2020 02:21:56 GMT" time="25.144" errors="0">
  <testcase name="verifylogin" time="2.640" classname="feb_28.Using_excel"/>
  <testcase name="verifylogin" time="19.519" classname="feb_28.Using_excel"/>
  <testcase name="verifylogin" time="2.985" classname="feb_28.Using_excel"/>
</testsuite> <!-- feb_28.Using_excel -->
