<?xml version="1.0" encoding="UTF-8"?>
<!-- Generated by org.testng.reporters.JUnitReportReporter -->
<testsuite skipped="0" hostname="AdilRizwan" name="feb_28.Using_dataprovider" tests="3" failures="0" timestamp="29 Feb 2020 01:35:58 GMT" time="14.316" errors="0">
  <testcase name="verifylogin" time="2.293" classname="feb_28.Using_dataprovider"/>
  <testcase name="verifylogin" time="9.925" classname="feb_28.Using_dataprovider"/>
  <testcase name="verifylogin" time="2.098" classname="feb_28.Using_dataprovider"/>
</testsuite> <!-- feb_28.Using_dataprovider -->
